
ROM used:   198/8192 (2%)
            198/8192 (2%) including unused fragments

            0.2 Average locations per line
            5.8 Average locations per statement

RAM used:   11/368 (3%) at main() level
            12/368 (3%) worst case

Stack used: 0 worst case (0 in main + 0 for interrupts)
Stack size: 8

Lines Stmts  %   Files
----- ----- ---  -----
   71    34 100  PCF Stepper.c
  796     0   0  ..\..\..\..\..\..\Program Files (x86)\PICC\Devices\16F887.h
----- -----
  867    34 Total

Page ROM  %  RAM    Vol Diff  Functions:
---- --- --- ---    --- ----  ----------
0     22  11    1             @delay_ms1
0     16   8    1             @I2C_WRITEU_129
0    156  79    1   1083  5.8  main
 Inline         0             @cinit1

Program metrics:
    Functions               1
    Statements              34
    Comments                156
    Volume (V)              1092
    Difficulty (D)          5.6
    Effort to implement (E) 6119
    Time to implement (T)   6 minutes
    Est Delivered Bugs (B)  0
    Cyclomatic Complexity   4
    Maintainability (MI)    101

 Segment     Used  Free
-----------  ----  ----
00000-00003     4  0  
00004-007FF   194  1850  
00800-00FFF     0  2048  
01000-017FF     0  2048  
01800-01FFF     0  2048  



